<?xml version="1.0" encoding="UTF-8"?>
<!-- Generated by org.testng.reporters.JUnitXMLReporter -->
<testsuite ignored="3" hostname="Desktop-175" failures="0" tests="1" name="Default test" time="17.064" errors="0" timestamp="2024-10-31T12:59:44 IST">
  <testcase classname="entrata_Test_Test_Scripts.Entrata_Test" name="test_02_Schedule_Demo" time="5.648"/>
  <testcase classname="entrata_Test_Test_Scripts.Entrata_Test" name="test_01_Get_Title" time="0.0">
    <ignored/>
  </testcase> <!-- test_01_Get_Title -->
  <testcase classname="entrata_Test_Test_Scripts.Entrata_Test" name="test_04_Careers_page" time="0.0">
    <ignored/>
  </testcase> <!-- test_04_Careers_page -->
  <testcase classname="entrata_Test_Test_Scripts.Entrata_Test" name="test_03_Broken_Link" time="0.0">
    <ignored/>
  </testcase> <!-- test_03_Broken_Link -->
</testsuite> <!-- Default test -->
