<?xml version="1.0" encoding="UTF-8"?>
<!-- Generated by org.testng.reporters.JUnitXMLReporter -->
<testsuite ignored="0" hostname="Desktop-193" failures="1" tests="4" name="Test" time="110.135" errors="0" timestamp="2024-10-30T17:13:28 IST">
  <testcase classname="entrata_Test_Test_Scripts.Entrata_Test" name="test_01_Get_Title" time="0.113"/>
  <testcase classname="entrata_Test_Test_Scripts.Entrata_Test" name="test_02_Schedule_Demo" time="4.514">
    <failure type="java.lang.IllegalArgumentException" message="Keys to send should be a not null CharSequence">
      <![CDATA[java.lang.IllegalArgumentException: Keys to send should be a not null CharSequence
at org.openqa.selenium.remote.RemoteWebElement.sendKeys(RemoteWebElement.java:96)
at org.openqa.selenium.support.pagefactory.internal.LocatingElementHandler.invoke(LocatingElementHandler.java:51)
at jdk.proxy2/jdk.proxy2.$Proxy36.sendKeys(Unknown Source)
at utility_Class_Package.WebTextBox.sendInput(WebTextBox.java:10)
at entrata_Test_Actions.Entrata_Actions.enter_PhoneNo(Entrata_Actions.java:149)
at entrata_Test_Actions.Entrata_Actions.schedule_Demo(Entrata_Actions.java:218)
at entrata_Test_Test_Scripts.Entrata_Test.test_02_Schedule_Demo(Entrata_Test.java:25)
at java.base/java.util.ArrayList.forEach(ArrayList.java:1511)
... Removed 27 stack frames]]>
    </failure>
  </testcase> <!-- test_02_Schedule_Demo -->
  <testcase classname="entrata_Test_Test_Scripts.Entrata_Test" name="test_03_Broken_Link" time="48.093"/>
  <testcase classname="entrata_Test_Test_Scripts.Entrata_Test" name="test_04_Careers_page" time="19.851"/>
</testsuite> <!-- Test -->
