<?xml version="1.0" encoding="UTF-8"?>
<testsuite xmlns:xsi="http://www.w3.org/2001/XMLSchema-instance" xsi:noNamespaceSchemaLocation="https://maven.apache.org/surefire/maven-surefire-plugin/xsd/surefire-test-report.xsd" version="3.0.2" name="TestSuite" time="17.678" tests="1" errors="0" skipped="0" failures="0">
  <properties>
[...]
</properties>
  <testcase name="test_02_Schedule_Demo" classname="entrata_Test_Test_Scripts.Entrata_Test" time="5.543">
    <system-out><![CDATA[[Configuration] [WARN] Detected a static method [initializer.BaseClass.beforeSuite()]. Static configuration methods can cause  unexpected behavior.
[Configuration] [WARN] Detected a static method [initializer.BaseClass.beforeEachMethod()]. Static configuration methods can cause  unexpected behavior.
]]></system-out>
    <system-err><![CDATA[Feb 17, 2025 3:24:26 PM org.openqa.selenium.devtools.CdpVersionFinder findNearestMatch
WARNING: Unable to find an exact match for CDP version 133, returning the closest version; found: 129; Please update to a Selenium version that supports CDP version 133
]]></system-err>
  </testcase>
</testsuite>