<?xml version="1.0" encoding="UTF-8"?>
<testng-results ignored="0" total="1" passed="1" failed="0" skipped="0">
  <reporter-output>
  </reporter-output>
  <suite started-at="2025-02-17T15:24:22 IST" name="Suite" finished-at="2025-02-17T15:24:39 IST" duration-ms="16990">
    <groups>
    </groups>
    <test started-at="2025-02-17T15:24:22 IST" name="Test" finished-at="2025-02-17T15:24:39 IST" duration-ms="16990">
      <class name="entrata_Test_Test_Scripts.Entrata_Test">
        <test-method is-config="true" signature="beforeSuite()[pri:0, instance:entrata_Test_Test_Scripts.Entrata_Test@6aba2b86]" started-at="2025-02-17T15:24:22 IST" name="beforeSuite" finished-at="2025-02-17T15:24:22 IST" duration-ms="136" status="PASS">
          <reporter-output>
          </reporter-output>
        </test-method> <!-- beforeSuite -->
        <test-method is-config="true" signature="beforeEachMethod(java.lang.reflect.Method)[pri:0, instance:entrata_Test_Test_Scripts.Entrata_Test@6aba2b86]" started-at="2025-02-17T15:24:22 IST" name="beforeEachMethod" finished-at="2025-02-17T15:24:32 IST" duration-ms="10456" status="PASS">
          <params>
            <param index="0">
              <value>
                <![CDATA[public void entrata_Test_Test_Scripts.Entrata_Test.test_02_Schedule_Demo() throws java.io.IOException,java.lang.InterruptedException]]>
              </value>
            </param>
          </params>
          <reporter-output>
          </reporter-output>
        </test-method> <!-- beforeEachMethod -->
        <test-method signature="test_02_Schedule_Demo()[pri:2, instance:entrata_Test_Test_Scripts.Entrata_Test@6aba2b86]" started-at="2025-02-17T15:24:32 IST" name="test_02_Schedule_Demo" finished-at="2025-02-17T15:24:38 IST" duration-ms="5539" status="PASS">
          <reporter-output>
          </reporter-output>
        </test-method> <!-- test_02_Schedule_Demo -->
        <test-method is-config="true" signature="afterEachMethod(org.testng.ITestResult)[pri:0, instance:entrata_Test_Test_Scripts.Entrata_Test@6aba2b86]" started-at="2025-02-17T15:24:38 IST" name="afterEachMethod" finished-at="2025-02-17T15:24:39 IST" duration-ms="960" status="PASS">
          <params>
            <param index="0">
              <value>
                <![CDATA[[TestResult name=test_02_Schedule_Demo status=SUCCESS method=Entrata_Test.test_02_Schedule_Demo()[pri:2, instance:entrata_Test_Test_Scripts.Entrata_Test@6aba2b86] output={null}]]]>
              </value>
            </param>
          </params>
          <reporter-output>
          </reporter-output>
        </test-method> <!-- afterEachMethod -->
      </class> <!-- entrata_Test_Test_Scripts.Entrata_Test -->
    </test> <!-- Test -->
  </suite> <!-- Suite -->
</testng-results>
