<?xml version="1.0" encoding="UTF-8"?>
<testng-results ignored="3" total="4" passed="1" failed="0" skipped="0">
  <reporter-output>
  </reporter-output>
  <suite started-at="2024-10-31T12:59:27 IST" name="Default suite" finished-at="2024-10-31T12:59:44 IST" duration-ms="17064">
    <groups>
    </groups>
    <test started-at="2024-10-31T12:59:27 IST" name="Default test" finished-at="2024-10-31T12:59:44 IST" duration-ms="17064">
      <class name="entrata_Test_Test_Scripts.Entrata_Test">
        <test-method is-config="true" signature="beforeSuite()[pri:0, instance:entrata_Test_Test_Scripts.Entrata_Test@6bbe85a8]" started-at="2024-10-31T12:59:26 IST" name="beforeSuite" finished-at="2024-10-31T12:59:27 IST" duration-ms="314" status="PASS">
          <reporter-output>
          </reporter-output>
        </test-method> <!-- beforeSuite -->
        <test-method is-config="true" signature="beforeEachMethod(java.lang.reflect.Method)[pri:0, instance:entrata_Test_Test_Scripts.Entrata_Test@6bbe85a8]" started-at="2024-10-31T12:59:27 IST" name="beforeEachMethod" finished-at="2024-10-31T12:59:37 IST" duration-ms="10236" status="PASS">
          <params>
            <param index="0">
              <value>
                <![CDATA[public void entrata_Test_Test_Scripts.Entrata_Test.test_02_Schedule_Demo() throws java.io.IOException,java.lang.InterruptedException]]>
              </value>
            </param>
          </params>
          <reporter-output>
          </reporter-output>
        </test-method> <!-- beforeEachMethod -->
        <test-method signature="test_02_Schedule_Demo()[pri:2, instance:entrata_Test_Test_Scripts.Entrata_Test@6bbe85a8]" started-at="2024-10-31T12:59:37 IST" name="test_02_Schedule_Demo" finished-at="2024-10-31T12:59:43 IST" duration-ms="5648" status="PASS">
          <reporter-output>
          </reporter-output>
        </test-method> <!-- test_02_Schedule_Demo -->
        <test-method is-config="true" signature="afterEachMethod(org.testng.ITestResult)[pri:0, instance:entrata_Test_Test_Scripts.Entrata_Test@6bbe85a8]" started-at="2024-10-31T12:59:43 IST" name="afterEachMethod" finished-at="2024-10-31T12:59:44 IST" duration-ms="1131" status="PASS">
          <params>
            <param index="0">
              <value>
                <![CDATA[[TestResult name=test_02_Schedule_Demo status=SUCCESS method=Entrata_Test.test_02_Schedule_Demo()[pri:2, instance:entrata_Test_Test_Scripts.Entrata_Test@6bbe85a8] output={null}]]]>
              </value>
            </param>
          </params>
          <reporter-output>
          </reporter-output>
        </test-method> <!-- afterEachMethod -->
      </class> <!-- entrata_Test_Test_Scripts.Entrata_Test -->
    </test> <!-- Default test -->
  </suite> <!-- Default suite -->
</testng-results>
